#
# A fatal error has been detected by the Java Runtime Environment:
#
#  EXCEPTION_ACCESS_VIOLATION (0xc0000005) at pc=0x00007ff8186e655f, pid=5568, tid=12032
#
# JRE version: OpenJDK Runtime Environment (17.0.6) (build 17.0.6+0-b2043.56-10027231)
# Java VM: OpenJDK 64-Bit Server VM (17.0.6+0-b2043.56-10027231, mixed mode, tiered, compressed oops, compressed class ptrs, g1 gc, windows-amd64)
# Problematic frame:
# V  [jvm.dll+0x22655f]
#
# No core dump will be written. Minidumps are not enabled by default on client versions of Windows
#
# If you would like to submit a bug report, please visit:
#   https://bugreport.java.com/bugreport/crash.jsp
#

---------------  S U M M A R Y ------------

Command Line: --add-opens=java.base/java.util=ALL-UNNAMED --add-opens=java.base/java.lang=ALL-UNNAMED --add-opens=java.base/java.lang.invoke=ALL-UNNAMED --add-opens=java.prefs/java.util.prefs=ALL-UNNAMED --add-opens=java.base/java.nio.charset=ALL-UNNAMED --add-opens=java.base/java.net=ALL-UNNAMED --add-opens=java.base/java.util.concurrent.atomic=ALL-UNNAMED -Xmx2048m -Dfile.encoding=UTF-8 -Duser.country=FR -Duser.language=fr -Duser.variant org.gradle.launcher.daemon.bootstrap.GradleDaemon 7.6

Host: Intel(R) Core(TM) i5-3340 CPU @ 3.10GHz, 4 cores, 11G,  Windows 10 , 64 bit Build 19041 (10.0.19041.3393)
Time: Tue Oct 10 11:39:39 2023 Europe centrale elapsed time: 3.312926 seconds (0d 0h 0m 3s)

---------------  T H R E A D  ---------------

Current thread (0x000002d9e039f580):  JavaThread "C2 CompilerThread1" daemon [_thread_in_native, id=12032, stack(0x000000f7f8500000,0x000000f7f8600000)]


Current CompileTask:
C2:   3313 2221   !   4       java.net.URLClassLoader::findClass (47 bytes)

Stack: [0x000000f7f8500000,0x000000f7f8600000],  sp=0x000000f7f85fd5b0,  free space=1013k
Native frames: (J=compiled Java code, j=interpreted, Vv=VM code, C=native code)
V  [jvm.dll+0x22655f]
V  [jvm.dll+0x6a6eeb]
V  [jvm.dll+0x21b359]
V  [jvm.dll+0x1a4fdd]
V  [jvm.dll+0x22b098]
V  [jvm.dll+0x229159]
V  [jvm.dll+0x7f81ec]
V  [jvm.dll+0x7f274a]
V  [jvm.dll+0x682ad5]
C  [ucrtbase.dll+0x21bb2]
C  [KERNEL32.DLL+0x17344]
C  [ntdll.dll+0x526b1]


siginfo: EXCEPTION_ACCESS_VIOLATION (0xc0000005), reading address 0x000002d8de304ac0


Register to memory mapping:

RIP=0x00007ff8186e655f jvm.dll
RAX=0x000002d8de304a98 is an unknown value
RBX=0x000000f7f85fe6f0 is pointing into the stack for thread: 0x000002d9e039f580
RCX=0x0000000000000003 is an unknown value
RDX=0x0000000000000035 is an unknown value
RSP=0x000000f7f85fd5b0 is pointing into the stack for thread: 0x000002d9e039f580
RBP=0x00000000000006f7 is an unknown value
RSI=0x000002d9de304a30 points into unknown readable memory: 0x00007ff818e0d040 | 40 d0 e0 18 f8 7f 00 00
RDI=0x000000f7f85fd840 is pointing into the stack for thread: 0x000002d9e039f580
R8 =0x0 is NULL
R9 =0x0000000000000001 is an unknown value
R10=0x000002d9ded01390 points into unknown readable memory: 0x000002d8de304a98 | 98 4a 30 de d8 02 00 00
R11=0x000002d9ded01390 points into unknown readable memory: 0x000002d8de304a98 | 98 4a 30 de d8 02 00 00
R12=0x000002d9dfd38238 points into unknown readable memory: 0x00007ff818e99168 | 68 91 e9 18 f8 7f 00 00
R13=0x0 is NULL
R14=0x000000f7f85fd700 is pointing into the stack for thread: 0x000002d9e039f580
R15=0x0000000000000003 is an unknown value


Registers:
RAX=0x000002d8de304a98, RBX=0x000000f7f85fe6f0, RCX=0x0000000000000003, RDX=0x0000000000000035
RSP=0x000000f7f85fd5b0, RBP=0x00000000000006f7, RSI=0x000002d9de304a30, RDI=0x000000f7f85fd840
R8 =0x0000000000000000, R9 =0x0000000000000001, R10=0x000002d9ded01390, R11=0x000002d9ded01390
R12=0x000002d9dfd38238, R13=0x0000000000000000, R14=0x000000f7f85fd700, R15=0x0000000000000003
RIP=0x00007ff8186e655f, EFLAGS=0x0000000000010297

Top of Stack: (sp=0x000000f7f85fd5b0)
0x000000f7f85fd5b0:   000000f7f85fe6f0 000002d9dd524a58
0x000000f7f85fd5c0:   000000f7f85fe6f0 0000000000004a78
0x000000f7f85fd5d0:   0000000000000003 000000f7f85fd700
0x000000f7f85fd5e0:   000002d9dc8672a0 000000f7f85fdc90
0x000000f7f85fd5f0:   000000f7f85fd830 00007ff818b66eeb
0x000000f7f85fd600:   000000f7f85fd730 000002d9df9294a0
0x000000f7f85fd610:   000000f7f85fd730 000000f7f85fd830
0x000000f7f85fd620:   000000f7f85fe6f0 00007ff8186db359
0x000000f7f85fd630:   000002d9df9294a0 000000f7f85fd730
0x000000f7f85fd640:   0000000000000002 0000000000000001
0x000000f7f85fd650:   0000000000000000 0000000000000000
0x000000f7f85fd660:   0000000000000000 0000000000000000
0x000000f7f85fd670:   0000000000000000 0000000000000000
0x000000f7f85fd680:   0000000000000000 00007ff818def2cc
0x000000f7f85fd690:   0000000000000000 0000000000000000
0x000000f7f85fd6a0:   0000000000000000 00007ff818def2cc 

Instructions: (pc=0x00007ff8186e655f)
0x00007ff8186e645f:   48 8d 93 d0 07 00 00 4c 8b c7 48 8b cb e8 9f fc
0x00007ff8186e646f:   ff ff 48 8d 93 e8 07 00 00 4c 8b c7 48 8b cb e8
0x00007ff8186e647f:   8d fc ff ff 48 8b 05 c6 9a 95 00 48 8b d7 48 8b
0x00007ff8186e648f:   48 28 48 8b 01 48 8b 5c 24 48 48 83 c4 20 5f 48
0x00007ff8186e649f:   ff a0 b0 00 00 00 3b d0 7d 38 48 63 c2 4c 8d 04
0x00007ff8186e64af:   c5 00 00 00 00 0f 1f 40 00 0f 1f 84 00 00 00 00
0x00007ff8186e64bf:   00 48 8b 8b 10 02 00 00 4d 8d 40 08 ff c2 4a 8b
0x00007ff8186e64cf:   44 01 f8 4a 89 44 01 f0 8b 83 08 02 00 00 3b d0
0x00007ff8186e64df:   7c df ff c8 89 83 08 02 00 00 e9 3e ff ff ff cc
0x00007ff8186e64ef:   cc 48 89 5c 24 10 48 89 6c 24 18 56 57 41 55 41
0x00007ff8186e64ff:   56 41 57 48 83 ec 20 45 33 ed 48 8b fa 48 8b d9
0x00007ff8186e650f:   41 8b ed 44 39 6a 18 0f 86 ae 00 00 00 0f 1f 40
0x00007ff8186e651f:   00 48 8b 47 10 44 8b c5 ff c5 4a 8b 34 c0 8b 46
0x00007ff8186e652f:   2c 83 e0 03 3c 03 75 09 48 8d 4e 48 e8 90 13 4b
0x00007ff8186e653f:   00 44 8b 4e 20 45 8b c5 45 85 c9 7e 50 0f 1f 40
0x00007ff8186e654f:   00 4c 8b 56 10 41 8b c0 4d 8d 1c c2 49 8b 04 c2
0x00007ff8186e655f:   8b 48 28 8b c1 c1 e8 05 3b 47 20 73 11 8b d0 83
0x00007ff8186e656f:   e1 1f 48 8b 47 28 8b 04 90 0f a3 c8 72 13 ff 4e
0x00007ff8186e657f:   20 41 ff c8 8b 46 20 41 ff c9 49 8b 04 c2 49 89
0x00007ff8186e658f:   03 41 ff c0 45 3b c1 7c b8 44 8b 4e 20 41 83 f9
0x00007ff8186e659f:   01 75 1f 48 8b ce e8 d6 a9 43 00 84 c0 74 13 48
0x00007ff8186e65af:   8b 56 10 48 8b 8b 98 07 00 00 48 8b 12 e8 7f cf
0x00007ff8186e65bf:   e7 ff 3b 6f 18 0f 82 56 ff ff ff 44 8b 83 a8 01
0x00007ff8186e65cf:   00 00 41 83 e8 01 4d 63 c8 78 56 66 0f 1f 44 00
0x00007ff8186e65df:   00 4c 8b 93 b0 01 00 00 4b 8b 04 ca 8b 48 28 8b
0x00007ff8186e65ef:   c1 c1 e8 05 3b 47 20 73 11 8b d0 83 e1 1f 48 8b
0x00007ff8186e65ff:   47 28 8b 04 90 0f a3 c8 72 1e 48 63 8b a8 01 00
0x00007ff8186e660f:   00 8d 41 ff 89 83 a8 01 00 00 44 3b c0 7d 09 49
0x00007ff8186e661f:   8b 4c ca f8 4b 89 0c ca 41 ff c8 49 83 e9 01 79
0x00007ff8186e662f:   b0 44 8b 83 c0 01 00 00 41 83 e8 01 4d 63 c8 78
0x00007ff8186e663f:   50 4c 8b 93 c8 01 00 00 4b 8b 04 ca 8b 48 28 8b
0x00007ff8186e664f:   c1 c1 e8 05 3b 47 20 73 11 8b d0 83 e1 1f 48 8b 


Stack slot to memory mapping:
stack at sp + 0 slots: 0x000000f7f85fe6f0 is pointing into the stack for thread: 0x000002d9e039f580
stack at sp + 1 slots: 0x000002d9dd524a58 points into unknown readable memory: 0x00007ff818e2cb40 | 40 cb e2 18 f8 7f 00 00
stack at sp + 2 slots: 0x000000f7f85fe6f0 is pointing into the stack for thread: 0x000002d9e039f580
stack at sp + 3 slots: 0x0000000000004a78 is an unknown value
stack at sp + 4 slots: 0x0000000000000003 is an unknown value
stack at sp + 5 slots: 0x000000f7f85fd700 is pointing into the stack for thread: 0x000002d9e039f580
stack at sp + 6 slots: 0x000002d9dc8672a0 points into unknown readable memory: 0x0000000000000000 | 00 00 00 00 00 00 00 00
stack at sp + 7 slots: 0x000000f7f85fdc90 is pointing into the stack for thread: 0x000002d9e039f580


---------------  P R O C E S S  ---------------

Threads class SMR info:
_java_thread_list=0x000002d9e05660e0, length=28, elements={
0x000002d9c3439e40, 0x000002d9dca2bac0, 0x000002d9dca2ddf0, 0x000002d9dd43aed0,
0x000002d9dd43b790, 0x000002d9dd43c7f0, 0x000002d9dd43d0b0, 0x000002d9dd44f320,
0x000002d9dd4738d0, 0x000002d9dd476980, 0x000002d9dd5fb030, 0x000002d9dd5fb910,
0x000002d9dddab1a0, 0x000002d9dddad820, 0x000002d9dddab670, 0x000002d9dddac010,
0x000002d9dddadcf0, 0x000002d9dddae1c0, 0x000002d9dddae690, 0x000002d9dddaacd0,
0x000002d9dddad350, 0x000002d9dddace80, 0x000002d9dddabb40, 0x000002d9dddac4e0,
0x000002d9dfef8400, 0x000002d9e039f580, 0x000002d9dfefe440, 0x000002d9dfef9270
}

Java Threads: ( => current thread )
  0x000002d9c3439e40 JavaThread "main" [_thread_blocked, id=2404, stack(0x000000f7f6200000,0x000000f7f6300000)]
  0x000002d9dca2bac0 JavaThread "Reference Handler" daemon [_thread_blocked, id=9356, stack(0x000000f7f6900000,0x000000f7f6a00000)]
  0x000002d9dca2ddf0 JavaThread "Finalizer" daemon [_thread_blocked, id=1232, stack(0x000000f7f6a00000,0x000000f7f6b00000)]
  0x000002d9dd43aed0 JavaThread "Signal Dispatcher" daemon [_thread_blocked, id=5236, stack(0x000000f7f6b00000,0x000000f7f6c00000)]
  0x000002d9dd43b790 JavaThread "Attach Listener" daemon [_thread_blocked, id=11576, stack(0x000000f7f6c00000,0x000000f7f6d00000)]
  0x000002d9dd43c7f0 JavaThread "Service Thread" daemon [_thread_blocked, id=14192, stack(0x000000f7f6d00000,0x000000f7f6e00000)]
  0x000002d9dd43d0b0 JavaThread "Monitor Deflation Thread" daemon [_thread_blocked, id=11076, stack(0x000000f7f6e00000,0x000000f7f6f00000)]
  0x000002d9dd44f320 JavaThread "C2 CompilerThread0" daemon [_thread_blocked, id=5860, stack(0x000000f7f6f00000,0x000000f7f7000000)]
  0x000002d9dd4738d0 JavaThread "C1 CompilerThread0" daemon [_thread_in_native, id=11464, stack(0x000000f7f7000000,0x000000f7f7100000)]
  0x000002d9dd476980 JavaThread "Sweeper thread" daemon [_thread_blocked, id=8908, stack(0x000000f7f7100000,0x000000f7f7200000)]
  0x000002d9dd5fb030 JavaThread "Common-Cleaner" daemon [_thread_blocked, id=8168, stack(0x000000f7f7200000,0x000000f7f7300000)]
  0x000002d9dd5fb910 JavaThread "Notification Thread" daemon [_thread_blocked, id=9852, stack(0x000000f7f7300000,0x000000f7f7400000)]
  0x000002d9dddab1a0 JavaThread "Daemon health stats" [_thread_blocked, id=5884, stack(0x000000f7f7900000,0x000000f7f7a00000)]
  0x000002d9dddad820 JavaThread "Incoming local TCP Connector on port 60331" [_thread_in_native, id=4828, stack(0x000000f7f7a00000,0x000000f7f7b00000)]
  0x000002d9dddab670 JavaThread "Daemon periodic checks" [_thread_blocked, id=10324, stack(0x000000f7f7b00000,0x000000f7f7c00000)]
  0x000002d9dddac010 JavaThread "Daemon" [_thread_blocked, id=11980, stack(0x000000f7f7c00000,0x000000f7f7d00000)]
  0x000002d9dddadcf0 JavaThread "Handler for socket connection from /127.0.0.1:60331 to /127.0.0.1:60332" [_thread_in_native, id=7728, stack(0x000000f7f7d00000,0x000000f7f7e00000)]
  0x000002d9dddae1c0 JavaThread "Cancel handler" [_thread_blocked, id=13680, stack(0x000000f7f7e00000,0x000000f7f7f00000)]
  0x000002d9dddae690 JavaThread "Daemon worker" [_thread_in_vm, id=13696, stack(0x000000f7f7f00000,0x000000f7f8000000)]
  0x000002d9dddaacd0 JavaThread "Asynchronous log dispatcher for DefaultDaemonConnection: socket connection from /127.0.0.1:60331 to /127.0.0.1:60332" [_thread_blocked, id=11936, stack(0x000000f7f8000000,0x000000f7f8100000)]
  0x000002d9dddad350 JavaThread "Stdin handler" [_thread_blocked, id=11040, stack(0x000000f7f8100000,0x000000f7f8200000)]
  0x000002d9dddace80 JavaThread "Daemon client event forwarder" [_thread_blocked, id=13300, stack(0x000000f7f8200000,0x000000f7f8300000)]
  0x000002d9dddabb40 JavaThread "Cache worker for journal cache (C:\Users\pc\.gradle\caches\journal-1)" [_thread_blocked, id=1500, stack(0x000000f7f8300000,0x000000f7f8400000)]
  0x000002d9dddac4e0 JavaThread "File lock request listener" [_thread_in_native, id=4208, stack(0x000000f7f8400000,0x000000f7f8500000)]
  0x000002d9dfef8400 JavaThread "Cache worker for file hash cache (C:\Users\pc\.gradle\caches\7.6\fileHashes)" [_thread_blocked, id=3848, stack(0x000000f7f7500000,0x000000f7f7600000)]
=>0x000002d9e039f580 JavaThread "C2 CompilerThread1" daemon [_thread_in_native, id=12032, stack(0x000000f7f8500000,0x000000f7f8600000)]
  0x000002d9dfefe440 JavaThread "File watcher server" daemon [_thread_in_native, id=2800, stack(0x000000f7f8600000,0x000000f7f8700000)]
  0x000002d9dfef9270 JavaThread "File watcher consumer" daemon [_thread_blocked, id=6672, stack(0x000000f7f8700000,0x000000f7f8800000)]

Other Threads:
  0x000002d9dca27730 VMThread "VM Thread" [stack: 0x000000f7f6800000,0x000000f7f6900000] [id=9104]
  0x000002d9dd602200 WatcherThread [stack: 0x000000f7f7400000,0x000000f7f7500000] [id=8464]
  0x000002d9c3498270 GCTaskThread "GC Thread#0" [stack: 0x000000f7f6300000,0x000000f7f6400000] [id=13972]
  0x000002d9ddc57e40 GCTaskThread "GC Thread#1" [stack: 0x000000f7f7600000,0x000000f7f7700000] [id=11448]
  0x000002d9dd811600 GCTaskThread "GC Thread#2" [stack: 0x000000f7f7700000,0x000000f7f7800000] [id=12956]
  0x000002d9ddb5bed0 GCTaskThread "GC Thread#3" [stack: 0x000000f7f7800000,0x000000f7f7900000] [id=14008]
  0x000002d9c34a8fc0 ConcurrentGCThread "G1 Main Marker" [stack: 0x000000f7f6400000,0x000000f7f6500000] [id=7560]
  0x000002d9c34a9f80 ConcurrentGCThread "G1 Conc#0" [stack: 0x000000f7f6500000,0x000000f7f6600000] [id=8116]
  0x000002d9c350dbc0 ConcurrentGCThread "G1 Refine#0" [stack: 0x000000f7f6600000,0x000000f7f6700000] [id=12632]
  0x000002d9c350e3f0 ConcurrentGCThread "G1 Service" [stack: 0x000000f7f6700000,0x000000f7f6800000] [id=4392]

Threads with active compile tasks:
C1 CompilerThread0     3367 2384   !   3       org.gradle.internal.service.DefaultServiceRegistry$FactoryService::bind (283 bytes)
C2 CompilerThread1     3367 2221   !   4       java.net.URLClassLoader::findClass (47 bytes)

VM state: not at safepoint (normal execution)

VM Mutex/Monitor currently owned by a thread:  ([mutex/lock_event])
[0x000002d9c3434650] Compile_lock - owner thread: 0x000002d9dd4738d0
[0x000002d9c3436300] MethodCompileQueue_lock - owner thread: 0x000002d9dd4738d0

Heap address: 0x0000000080000000, size: 2048 MB, Compressed Oops mode: 32-bit

CDS archive(s) not mapped
Compressed class space mapped at: 0x0000000100000000-0x0000000140000000, reserved size: 1073741824
Narrow klass base: 0x0000000000000000, Narrow klass shift: 3, Narrow klass range: 0x140000000

GC Precious Log:
 CPUs: 4 total, 4 available
 Memory: 12168M
 Large Page Support: Disabled
 NUMA Support: Disabled
 Compressed Oops: Enabled (32-bit)
 Heap Region Size: 1M
 Heap Min Capacity: 8M
 Heap Initial Capacity: 192M
 Heap Max Capacity: 2G
 Pre-touch: Disabled
 Parallel Workers: 4
 Concurrent Workers: 1
 Concurrent Refinement Workers: 4
 Periodic GC: Disabled

Heap:
 garbage-first heap   total 65536K, used 33897K [0x0000000080000000, 0x0000000100000000)
  region size 1024K, 18 young (18432K), 3 survivors (3072K)
 Metaspace       used 28834K, committed 29120K, reserved 1081344K
  class space    used 3870K, committed 3968K, reserved 1048576K

Heap Regions: E=young(eden), S=young(survivor), O=old, HS=humongous(starts), HC=humongous(continues), CS=collection set, F=free, OA=open archive, CA=closed archive, TAMS=top-at-mark-start (previous, next)
|   0|0x0000000080000000, 0x0000000080100000, 0x0000000080100000|100%| O|  |TAMS 0x0000000080100000, 0x0000000080000000| Untracked 
|   1|0x0000000080100000, 0x0000000080200000, 0x0000000080200000|100%| O|  |TAMS 0x0000000080200000, 0x0000000080100000| Untracked 
|   2|0x0000000080200000, 0x0000000080300000, 0x0000000080300000|100%|HS|  |TAMS 0x0000000080300000, 0x0000000080200000| Complete 
|   3|0x0000000080300000, 0x0000000080400000, 0x0000000080400000|100%|HC|  |TAMS 0x0000000080400000, 0x0000000080300000| Complete 
|   4|0x0000000080400000, 0x0000000080500000, 0x0000000080500000|100%|HC|  |TAMS 0x0000000080500000, 0x0000000080400000| Complete 
|   5|0x0000000080500000, 0x0000000080600000, 0x0000000080600000|100%| O|  |TAMS 0x0000000080600000, 0x0000000080500000| Untracked 
|   6|0x0000000080600000, 0x0000000080700000, 0x0000000080700000|100%| O|  |TAMS 0x0000000080700000, 0x0000000080600000| Untracked 
|   7|0x0000000080700000, 0x0000000080800000, 0x0000000080800000|100%| O|  |TAMS 0x0000000080700000, 0x0000000080700000| Untracked 
|   8|0x0000000080800000, 0x0000000080900000, 0x0000000080900000|100%| O|  |TAMS 0x0000000080900000, 0x0000000080800000| Untracked 
|   9|0x0000000080900000, 0x0000000080a00000, 0x0000000080a00000|100%| O|  |TAMS 0x0000000080a00000, 0x0000000080900000| Untracked 
|  10|0x0000000080a00000, 0x0000000080a56400, 0x0000000080b00000| 33%| O|  |TAMS 0x0000000080a56400, 0x0000000080a00000| Untracked 
|  11|0x0000000080b00000, 0x0000000080c00000, 0x0000000080c00000|100%| O|  |TAMS 0x0000000080b00000, 0x0000000080b00000| Untracked 
|  12|0x0000000080c00000, 0x0000000080d00000, 0x0000000080d00000|100%| O|  |TAMS 0x0000000080c00000, 0x0000000080c00000| Untracked 
|  13|0x0000000080d00000, 0x0000000080e00000, 0x0000000080e00000|100%| O|  |TAMS 0x0000000080d00000, 0x0000000080d00000| Untracked 
|  14|0x0000000080e00000, 0x0000000080f00000, 0x0000000080f00000|100%| O|  |TAMS 0x0000000080e00000, 0x0000000080e00000| Untracked 
|  15|0x0000000080f00000, 0x0000000081000000, 0x0000000081000000|100%| O|  |TAMS 0x0000000080f00000, 0x0000000080f00000| Untracked 
|  16|0x0000000081000000, 0x0000000081100000, 0x0000000081100000|100%| O|  |TAMS 0x0000000081000000, 0x0000000081000000| Untracked 
|  17|0x0000000081100000, 0x000000008118c600, 0x0000000081200000| 54%| O|  |TAMS 0x0000000081100000, 0x0000000081100000| Untracked 
|  18|0x0000000081200000, 0x0000000081200000, 0x0000000081300000|  0%| F|  |TAMS 0x0000000081200000, 0x0000000081200000| Untracked 
|  19|0x0000000081300000, 0x0000000081300000, 0x0000000081400000|  0%| F|  |TAMS 0x0000000081300000, 0x0000000081300000| Untracked 
|  20|0x0000000081400000, 0x0000000081400000, 0x0000000081500000|  0%| F|  |TAMS 0x0000000081400000, 0x0000000081400000| Untracked 
|  21|0x0000000081500000, 0x0000000081500000, 0x0000000081600000|  0%| F|  |TAMS 0x0000000081500000, 0x0000000081500000| Untracked 
|  22|0x0000000081600000, 0x0000000081600000, 0x0000000081700000|  0%| F|  |TAMS 0x0000000081600000, 0x0000000081600000| Untracked 
|  23|0x0000000081700000, 0x0000000081737b60, 0x0000000081800000| 21%| S|CS|TAMS 0x0000000081700000, 0x0000000081700000| Complete 
|  24|0x0000000081800000, 0x0000000081900000, 0x0000000081900000|100%| S|CS|TAMS 0x0000000081800000, 0x0000000081800000| Complete 
|  25|0x0000000081900000, 0x0000000081a00000, 0x0000000081a00000|100%| S|CS|TAMS 0x0000000081900000, 0x0000000081900000| Complete 
|  26|0x0000000081a00000, 0x0000000081a00000, 0x0000000081b00000|  0%| F|  |TAMS 0x0000000081a00000, 0x0000000081a00000| Untracked 
|  27|0x0000000081b00000, 0x0000000081b00000, 0x0000000081c00000|  0%| F|  |TAMS 0x0000000081b00000, 0x0000000081b00000| Untracked 
|  28|0x0000000081c00000, 0x0000000081c00000, 0x0000000081d00000|  0%| F|  |TAMS 0x0000000081c00000, 0x0000000081c00000| Untracked 
|  29|0x0000000081d00000, 0x0000000081d00000, 0x0000000081e00000|  0%| F|  |TAMS 0x0000000081d00000, 0x0000000081d00000| Untracked 
|  30|0x0000000081e00000, 0x0000000081e00000, 0x0000000081f00000|  0%| F|  |TAMS 0x0000000081e00000, 0x0000000081e00000| Untracked 
|  31|0x0000000081f00000, 0x0000000081f00000, 0x0000000082000000|  0%| F|  |TAMS 0x0000000081f00000, 0x0000000081f00000| Untracked 
|  32|0x0000000082000000, 0x0000000082000000, 0x0000000082100000|  0%| F|  |TAMS 0x0000000082000000, 0x0000000082000000| Untracked 
|  33|0x0000000082100000, 0x0000000082100000, 0x0000000082200000|  0%| F|  |TAMS 0x0000000082100000, 0x0000000082100000| Untracked 
|  34|0x0000000082200000, 0x0000000082200000, 0x0000000082300000|  0%| F|  |TAMS 0x0000000082200000, 0x0000000082200000| Untracked 
|  35|0x0000000082300000, 0x0000000082300000, 0x0000000082400000|  0%| F|  |TAMS 0x0000000082300000, 0x0000000082300000| Untracked 
|  36|0x0000000082400000, 0x0000000082400000, 0x0000000082500000|  0%| F|  |TAMS 0x0000000082400000, 0x0000000082400000| Untracked 
|  37|0x0000000082500000, 0x0000000082500000, 0x0000000082600000|  0%| F|  |TAMS 0x0000000082500000, 0x0000000082500000| Untracked 
|  38|0x0000000082600000, 0x0000000082600000, 0x0000000082700000|  0%| F|  |TAMS 0x0000000082600000, 0x0000000082600000| Untracked 
|  39|0x0000000082700000, 0x0000000082700000, 0x0000000082800000|  0%| F|  |TAMS 0x0000000082700000, 0x0000000082700000| Untracked 
|  40|0x0000000082800000, 0x0000000082800000, 0x0000000082900000|  0%| F|  |TAMS 0x0000000082800000, 0x0000000082800000| Untracked 
|  41|0x0000000082900000, 0x0000000082900000, 0x0000000082a00000|  0%| F|  |TAMS 0x0000000082900000, 0x0000000082900000| Untracked 
|  42|0x0000000082a00000, 0x0000000082a00000, 0x0000000082b00000|  0%| F|  |TAMS 0x0000000082a00000, 0x0000000082a00000| Untracked 
|  43|0x0000000082b00000, 0x0000000082b00000, 0x0000000082c00000|  0%| F|  |TAMS 0x0000000082b00000, 0x0000000082b00000| Untracked 
|  44|0x0000000082c00000, 0x0000000082c00000, 0x0000000082d00000|  0%| F|  |TAMS 0x0000000082c00000, 0x0000000082c00000| Untracked 
|  45|0x0000000082d00000, 0x0000000082d00000, 0x0000000082e00000|  0%| F|  |TAMS 0x0000000082d00000, 0x0000000082d00000| Untracked 
|  46|0x0000000082e00000, 0x0000000082e00000, 0x0000000082f00000|  0%| F|  |TAMS 0x0000000082e00000, 0x0000000082e00000| Untracked 
|  47|0x0000000082f00000, 0x0000000082f00000, 0x0000000083000000|  0%| F|  |TAMS 0x0000000082f00000, 0x0000000082f00000| Untracked 
|  48|0x0000000083000000, 0x0000000083000000, 0x0000000083100000|  0%| F|  |TAMS 0x0000000083000000, 0x0000000083000000| Untracked 
|  49|0x0000000083100000, 0x000000008319c920, 0x0000000083200000| 61%| E|  |TAMS 0x0000000083100000, 0x0000000083100000| Complete 
|  50|0x0000000083200000, 0x0000000083300000, 0x0000000083300000|100%| E|CS|TAMS 0x0000000083200000, 0x0000000083200000| Complete 
|  51|0x0000000083300000, 0x0000000083400000, 0x0000000083400000|100%| E|CS|TAMS 0x0000000083300000, 0x0000000083300000| Complete 
|  52|0x0000000083400000, 0x0000000083500000, 0x0000000083500000|100%| E|CS|TAMS 0x0000000083400000, 0x0000000083400000| Complete 
|  53|0x0000000083500000, 0x0000000083600000, 0x0000000083600000|100%| E|CS|TAMS 0x0000000083500000, 0x0000000083500000| Complete 
|  54|0x0000000083600000, 0x0000000083700000, 0x0000000083700000|100%| E|CS|TAMS 0x0000000083600000, 0x0000000083600000| Complete 
| 140|0x0000000088c00000, 0x0000000088d00000, 0x0000000088d00000|100%| E|CS|TAMS 0x0000000088c00000, 0x0000000088c00000| Complete 
| 141|0x0000000088d00000, 0x0000000088e00000, 0x0000000088e00000|100%| E|CS|TAMS 0x0000000088d00000, 0x0000000088d00000| Complete 
| 142|0x0000000088e00000, 0x0000000088f00000, 0x0000000088f00000|100%| E|CS|TAMS 0x0000000088e00000, 0x0000000088e00000| Complete 
| 143|0x0000000088f00000, 0x0000000089000000, 0x0000000089000000|100%| E|CS|TAMS 0x0000000088f00000, 0x0000000088f00000| Complete 
| 144|0x0000000089000000, 0x0000000089100000, 0x0000000089100000|100%| E|CS|TAMS 0x0000000089000000, 0x0000000089000000| Complete 
| 145|0x0000000089100000, 0x0000000089200000, 0x0000000089200000|100%| E|CS|TAMS 0x0000000089100000, 0x0000000089100000| Complete 
| 146|0x0000000089200000, 0x0000000089300000, 0x0000000089300000|100%| E|CS|TAMS 0x0000000089200000, 0x0000000089200000| Complete 
| 147|0x0000000089300000, 0x0000000089400000, 0x0000000089400000|100%| E|CS|TAMS 0x0000000089300000, 0x0000000089300000| Complete 
| 191|0x000000008bf00000, 0x000000008c000000, 0x000000008c000000|100%| E|CS|TAMS 0x000000008bf00000, 0x000000008bf00000| Complete 

Card table byte_map: [0x000002d9d5d10000,0x000002d9d6110000] _byte_map_base: 0x000002d9d5910000

Marking Bits (Prev, Next): (CMBitMap*) 0x000002d9c34986d0, (CMBitMap*) 0x000002d9c3498690
 Prev Bits: [0x000002d9d8510000, 0x000002d9da510000)
 Next Bits: [0x000002d9d6510000, 0x000002d9d8510000)

Polling page: 0x000002d9c13b0000

Metaspace:

Usage:
  Non-class:     24.39 MB used.
      Class:      3.78 MB used.
       Both:     28.18 MB used.

Virtual space:
  Non-class space:       32.00 MB reserved,      24.56 MB ( 77%) committed,  4 nodes.
      Class space:        1.00 GB reserved,       3.88 MB ( <1%) committed,  1 nodes.
             Both:        1.03 GB reserved,      28.44 MB (  3%) committed. 

Chunk freelists:
   Non-Class:  3.02 MB
       Class:  3.94 MB
        Both:  6.95 MB

MaxMetaspaceSize: unlimited
CompressedClassSpaceSize: 1.00 GB
Initial GC threshold: 21.00 MB
Current GC threshold: 35.12 MB
CDS: off
MetaspaceReclaimPolicy: balanced
 - commit_granule_bytes: 65536.
 - commit_granule_words: 8192.
 - virtual_space_node_default_size: 1048576.
 - enlarge_chunks_in_place: 1.
 - new_chunks_are_fully_committed: 0.
 - uncommit_free_chunks: 1.
 - use_allocation_guard: 0.
 - handle_deallocations: 1.


Internal statistics:

num_allocs_failed_limit: 3.
num_arena_births: 216.
num_arena_deaths: 0.
num_vsnodes_births: 5.
num_vsnodes_deaths: 0.
num_space_committed: 455.
num_space_uncommitted: 0.
num_chunks_returned_to_freelist: 3.
num_chunks_taken_from_freelist: 924.
num_chunk_merges: 3.
num_chunk_splits: 609.
num_chunks_enlarged: 454.
num_purges: 0.
num_inconsistent_stats: 0.

CodeHeap 'non-profiled nmethods': size=120000Kb used=1199Kb max_used=1199Kb free=118800Kb
 bounds [0x000002d9ce3e0000, 0x000002d9ce650000, 0x000002d9d5910000]
CodeHeap 'profiled nmethods': size=120000Kb used=4962Kb max_used=4962Kb free=115037Kb
 bounds [0x000002d9c6910000, 0x000002d9c6df0000, 0x000002d9cde40000]
CodeHeap 'non-nmethods': size=5760Kb used=1231Kb max_used=1271Kb free=4528Kb
 bounds [0x000002d9cde40000, 0x000002d9ce0b0000, 0x000002d9ce3e0000]
 total_blobs=2921 nmethods=2383 adapters=450
 compilation: enabled
              stopped_count=0, restarted_count=0
 full_count=0

Compilation events (20 events):
Event: 2.949 Thread 0x000002d9dd4738d0 2237       3       java.lang.WeakPairMap$Pair::lookup (10 bytes)
Event: 2.949 Thread 0x000002d9dd4738d0 nmethod 2237 0x000002d9c6d8d490 code [0x000002d9c6d8d680, 0x000002d9c6d8dbf8]
Event: 2.949 Thread 0x000002d9dd4738d0 2238       3       java.lang.WeakPairMap$Pair$Lookup::<init> (21 bytes)
Event: 2.949 Thread 0x000002d9dd4738d0 nmethod 2238 0x000002d9c6d8de10 code [0x000002d9c6d8e000, 0x000002d9c6d8e4d8]
Event: 2.949 Thread 0x000002d9dd4738d0 2240       3       java.lang.reflect.ProxyGenerator$ProxyMethod::emitIconstInsn (75 bytes)
Event: 2.950 Thread 0x000002d9dd4738d0 nmethod 2240 0x000002d9c6d8e690 code [0x000002d9c6d8e8c0, 0x000002d9c6d8f178]
Event: 2.950 Thread 0x000002d9dd4738d0 2239       3       java.lang.WeakPairMap$Pair$Lookup::hashCode (12 bytes)
Event: 2.950 Thread 0x000002d9dd4738d0 nmethod 2239 0x000002d9c6d8f390 code [0x000002d9c6d8f540, 0x000002d9c6d8f718]
Event: 2.950 Thread 0x000002d9dd4738d0 2241       3       java.util.Collections$EmptyMap::entrySet (4 bytes)
Event: 2.950 Thread 0x000002d9dd4738d0 nmethod 2241 0x000002d9c6d8f810 code [0x000002d9c6d8f9a0, 0x000002d9c6d8fb18]
Event: 2.953 Thread 0x000002d9dd4738d0 2242       3       org.gradle.internal.service.DefaultServiceRegistry$SingletonService::getService (18 bytes)
Event: 2.954 Thread 0x000002d9dd4738d0 nmethod 2242 0x000002d9c6d8fc10 code [0x000002d9c6d8fde0, 0x000002d9c6d90018]
Event: 2.954 Thread 0x000002d9dd4738d0 2243       3       org.gradle.internal.service.DefaultServiceRegistry::access$1300 (6 bytes)
Event: 2.954 Thread 0x000002d9dd4738d0 nmethod 2243 0x000002d9c6d90110 code [0x000002d9c6d902a0, 0x000002d9c6d903a8]
Event: 2.959 Thread 0x000002d9dd4738d0 2244       3       org.gradle.internal.service.DefaultServiceRegistry$ManagedObjectServiceProvider::requiredBy (20 bytes)
Event: 2.960 Thread 0x000002d9dd4738d0 nmethod 2244 0x000002d9c6d90490 code [0x000002d9c6d90660, 0x000002d9c6d90b48]
Event: 2.960 Thread 0x000002d9dd4738d0 2245       3       org.gradle.internal.service.DefaultServiceRegistry$ManagedObjectServiceProvider::fromSameRegistry (27 bytes)
Event: 2.960 Thread 0x000002d9dd4738d0 nmethod 2245 0x000002d9c6d90c90 code [0x000002d9c6d90e40, 0x000002d9c6d911b8]
Event: 2.960 Thread 0x000002d9dd4738d0 2246       3       org.gradle.internal.service.DefaultServiceRegistry::access$1600 (6 bytes)
Event: 2.960 Thread 0x000002d9dd4738d0 nmethod 2246 0x000002d9c6d91290 code [0x000002d9c6d91420, 0x000002d9c6d91528]

GC Heap History (10 events):
Event: 0.464 GC heap before
{Heap before GC invocations=0 (full 0):
 garbage-first heap   total 196608K, used 13312K [0x0000000080000000, 0x0000000100000000)
  region size 1024K, 13 young (13312K), 0 survivors (0K)
 Metaspace       used 7069K, committed 7232K, reserved 1056768K
  class space    used 605K, committed 704K, reserved 1048576K
}
Event: 0.467 GC heap after
{Heap after GC invocations=1 (full 0):
 garbage-first heap   total 196608K, used 3646K [0x0000000080000000, 0x0000000100000000)
  region size 1024K, 2 young (2048K), 2 survivors (2048K)
 Metaspace       used 7069K, committed 7232K, reserved 1056768K
  class space    used 605K, committed 704K, reserved 1048576K
}
Event: 0.888 GC heap before
{Heap before GC invocations=1 (full 0):
 garbage-first heap   total 196608K, used 21054K [0x0000000080000000, 0x0000000100000000)
  region size 1024K, 17 young (17408K), 2 survivors (2048K)
 Metaspace       used 11075K, committed 11264K, reserved 1064960K
  class space    used 1160K, committed 1280K, reserved 1048576K
}
Event: 0.890 GC heap after
{Heap after GC invocations=2 (full 0):
 garbage-first heap   total 196608K, used 9471K [0x0000000080000000, 0x0000000100000000)
  region size 1024K, 3 young (3072K), 3 survivors (3072K)
 Metaspace       used 11075K, committed 11264K, reserved 1064960K
  class space    used 1160K, committed 1280K, reserved 1048576K
}
Event: 1.200 GC heap before
{Heap before GC invocations=2 (full 0):
 garbage-first heap   total 196608K, used 31999K [0x0000000080000000, 0x0000000100000000)
  region size 1024K, 25 young (25600K), 3 survivors (3072K)
 Metaspace       used 11208K, committed 11392K, reserved 1064960K
  class space    used 1162K, committed 1280K, reserved 1048576K
}
Event: 1.203 GC heap after
{Heap after GC invocations=3 (full 0):
 garbage-first heap   total 196608K, used 13016K [0x0000000080000000, 0x0000000100000000)
  region size 1024K, 4 young (4096K), 4 survivors (4096K)
 Metaspace       used 11208K, committed 11392K, reserved 1064960K
  class space    used 1162K, committed 1280K, reserved 1048576K
}
Event: 2.271 GC heap before
{Heap before GC invocations=3 (full 0):
 garbage-first heap   total 196608K, used 52952K [0x0000000080000000, 0x0000000100000000)
  region size 1024K, 44 young (45056K), 4 survivors (4096K)
 Metaspace       used 21291K, committed 21504K, reserved 1073152K
  class space    used 2580K, committed 2688K, reserved 1048576K
}
Event: 2.280 GC heap after
{Heap after GC invocations=4 (full 0):
 garbage-first heap   total 196608K, used 17535K [0x0000000080000000, 0x0000000100000000)
  region size 1024K, 8 young (8192K), 8 survivors (8192K)
 Metaspace       used 21291K, committed 21504K, reserved 1073152K
  class space    used 2580K, committed 2688K, reserved 1048576K
}
Event: 2.932 GC heap before
{Heap before GC invocations=5 (full 0):
 garbage-first heap   total 65536K, used 48255K [0x0000000080000000, 0x0000000100000000)
  region size 1024K, 38 young (38912K), 8 survivors (8192K)
 Metaspace       used 26324K, committed 26624K, reserved 1073152K
  class space    used 3471K, committed 3584K, reserved 1048576K
}
Event: 2.939 GC heap after
{Heap after GC invocations=6 (full 0):
 garbage-first heap   total 65536K, used 19561K [0x0000000080000000, 0x0000000100000000)
  region size 1024K, 3 young (3072K), 3 survivors (3072K)
 Metaspace       used 26324K, committed 26624K, reserved 1073152K
  class space    used 3471K, committed 3584K, reserved 1048576K
}

Dll operation events (2 events):
Event: 0.007 Loaded shared library C:\Program Files\Android\Android Studio\jbr\bin\java.dll
Event: 0.437 Loaded shared library C:\Program Files\Android\Android Studio\jbr\bin\verify.dll

Deoptimization events (20 events):
Event: 2.233 Thread 0x000002d9dddae690 Uncommon trap: trap_request=0xffffff45 fr.pc=0x000002d9ce3f93e4 relative=0x00000000000009e4
Event: 2.233 Thread 0x000002d9dddae690 Uncommon trap: reason=unstable_if action=reinterpret pc=0x000002d9ce3f93e4 method=java.io.WinNTFileSystem.resolve(Ljava/lang/String;Ljava/lang/String;)Ljava/lang/String; @ 19 c2
Event: 2.233 Thread 0x000002d9dddae690 DEOPT PACKING pc=0x000002d9ce3f93e4 sp=0x000000f7f7ffca30
Event: 2.233 Thread 0x000002d9dddae690 DEOPT UNPACKING pc=0x000002d9cde969a3 sp=0x000000f7f7ffc9d8 mode 2
Event: 2.235 Thread 0x000002d9dddae690 Uncommon trap: trap_request=0xffffff45 fr.pc=0x000002d9ce44e9a4 relative=0x0000000000000584
Event: 2.235 Thread 0x000002d9dddae690 Uncommon trap: reason=unstable_if action=reinterpret pc=0x000002d9ce44e9a4 method=java.io.File.getName()Ljava/lang/String; @ 16 c2
Event: 2.235 Thread 0x000002d9dddae690 DEOPT PACKING pc=0x000002d9ce44e9a4 sp=0x000000f7f7ffc9d0
Event: 2.235 Thread 0x000002d9dddae690 DEOPT UNPACKING pc=0x000002d9cde969a3 sp=0x000000f7f7ffc9a0 mode 2
Event: 2.686 Thread 0x000002d9dddae690 Uncommon trap: trap_request=0xffffff45 fr.pc=0x000002d9ce4cbf38 relative=0x00000000000002f8
Event: 2.686 Thread 0x000002d9dddae690 Uncommon trap: reason=unstable_if action=reinterpret pc=0x000002d9ce4cbf38 method=java.util.HashMap.getNode(Ljava/lang/Object;)Ljava/util/HashMap$Node; @ 66 c2
Event: 2.686 Thread 0x000002d9dddae690 DEOPT PACKING pc=0x000002d9ce4cbf38 sp=0x000000f7f7ffaa90
Event: 2.686 Thread 0x000002d9dddae690 DEOPT UNPACKING pc=0x000002d9cde969a3 sp=0x000000f7f7ffa9b0 mode 2
Event: 2.686 Thread 0x000002d9dddae690 Uncommon trap: trap_request=0xffffff45 fr.pc=0x000002d9ce4aee74 relative=0x0000000000000234
Event: 2.686 Thread 0x000002d9dddae690 Uncommon trap: reason=unstable_if action=reinterpret pc=0x000002d9ce4aee74 method=java.util.HashMap.getNode(Ljava/lang/Object;)Ljava/util/HashMap$Node; @ 66 c2
Event: 2.686 Thread 0x000002d9dddae690 DEOPT PACKING pc=0x000002d9ce4aee74 sp=0x000000f7f7ffaa20
Event: 2.686 Thread 0x000002d9dddae690 DEOPT UNPACKING pc=0x000002d9cde969a3 sp=0x000000f7f7ffa9b0 mode 2
Event: 2.708 Thread 0x000002d9dddae690 Uncommon trap: trap_request=0xffffff45 fr.pc=0x000002d9ce478308 relative=0x00000000000003c8
Event: 2.708 Thread 0x000002d9dddae690 Uncommon trap: reason=unstable_if action=reinterpret pc=0x000002d9ce478308 method=java.util.concurrent.ConcurrentHashMap.get(Ljava/lang/Object;)Ljava/lang/Object; @ 152 c2
Event: 2.708 Thread 0x000002d9dddae690 DEOPT PACKING pc=0x000002d9ce478308 sp=0x000000f7f7ffa010
Event: 2.708 Thread 0x000002d9dddae690 DEOPT UNPACKING pc=0x000002d9cde969a3 sp=0x000000f7f7ff9f98 mode 2

Classes unloaded (0 events):
No events

Classes redefined (0 events):
No events

Internal exceptions (20 events):
Event: 2.018 Thread 0x000002d9dddae690 Exception <a 'java/lang/NoSuchMethodError'{0x0000000089c22780}: 'java.lang.Object java.lang.invoke.DirectMethodHandle$Holder.invokeSpecial(java.lang.Object, java.lang.Object, java.lang.Object, java.lang.Object, int)'> (0x0000000089c22780) 
thrown [s\src\hotspot\share\interpreter\linkResolver.cpp, line 771]
Event: 2.018 Thread 0x000002d9dddae690 Exception <a 'java/lang/NoSuchMethodError'{0x0000000089c26898}: 'java.lang.Object java.lang.invoke.Invokers$Holder.linkToTargetMethod(java.lang.Object, java.lang.Object, int, java.lang.Object)'> (0x0000000089c26898) 
thrown [s\src\hotspot\share\interpreter\linkResolver.cpp, line 771]
Event: 2.257 Thread 0x000002d9dddae690 Exception <a 'java/lang/NoSuchMethodError'{0x00000000895a5080}: 'java.lang.Object java.lang.invoke.DirectMethodHandle$Holder.newInvokeSpecial(java.lang.Object, java.lang.Object, java.lang.Object, java.lang.Object, java.lang.Object, java.lang.Object)'> (0x00000000895a5080) 
thrown [s\src\hotspot\share\interpreter\linkResolver.cpp, line 771]
Event: 2.441 Thread 0x000002d9dddae690 Exception <a 'java/lang/NoSuchMethodError'{0x000000008307d3e8}: 'int java.lang.invoke.DirectMethodHandle$Holder.invokeSpecialIFC(java.lang.Object, java.lang.Object, java.lang.Object, java.lang.Object)'> (0x000000008307d3e8) 
thrown [s\src\hotspot\share\interpreter\linkResolver.cpp, line 771]
Event: 2.443 Thread 0x000002d9dddae690 Exception <a 'java/lang/NoSuchMethodError'{0x000000008308c440}: 'java.lang.Object java.lang.invoke.DirectMethodHandle$Holder.invokeInterface(java.lang.Object, java.lang.Object, java.lang.Object)'> (0x000000008308c440) 
thrown [s\src\hotspot\share\interpreter\linkResolver.cpp, line 771]
Event: 2.444 Thread 0x000002d9dddae690 Exception <a 'java/lang/IncompatibleClassChangeError'{0x0000000083090318}: Found class java.lang.Object, but interface was expected> (0x0000000083090318) 
thrown [s\src\hotspot\share\interpreter\linkResolver.cpp, line 838]
Event: 2.503 Thread 0x000002d9dddae690 Exception <a 'java/lang/NoSuchMethodError'{0x0000000082d3ee20}: 'int java.lang.invoke.DirectMethodHandle$Holder.invokeStatic(java.lang.Object, java.lang.Object, java.lang.Object, java.lang.Object)'> (0x0000000082d3ee20) 
thrown [s\src\hotspot\share\interpreter\linkResolver.cpp, line 771]
Event: 2.503 Thread 0x000002d9dddae690 Exception <a 'java/lang/NoSuchMethodError'{0x0000000082d42cf0}: 'java.lang.Object java.lang.invoke.Invokers$Holder.invokeExact_MT(java.lang.Object, java.lang.Object, java.lang.Object, java.lang.Object, java.lang.Object, java.lang.Object)'> (0x0000000082d42cf0) 
thrown [s\src\hotspot\share\interpreter\linkResolver.cpp, line 771]
Event: 2.517 Thread 0x000002d9dddae690 Exception <a 'java/lang/NoSuchMethodError'{0x0000000082de69c8}: 'java.lang.Object java.lang.invoke.DirectMethodHandle$Holder.invokeInterface(java.lang.Object, java.lang.Object)'> (0x0000000082de69c8) 
thrown [s\src\hotspot\share\interpreter\linkResolver.cpp, line 771]
Event: 2.545 Thread 0x000002d9dddae690 Exception <a 'java/lang/NoSuchMethodError'{0x0000000082ba2778}: 'void java.lang.invoke.DirectMethodHandle$Holder.invokeSpecial(java.lang.Object, java.lang.Object, java.lang.Object, java.lang.Object, java.lang.Object)'> (0x0000000082ba2778) 
thrown [s\src\hotspot\share\interpreter\linkResolver.cpp, line 771]
Event: 2.566 Thread 0x000002d9dddae690 Exception <a 'java/lang/NoSuchMethodError'{0x0000000082af5e98}: 'java.lang.Object java.lang.invoke.DirectMethodHandle$Holder.invokeSpecial(java.lang.Object, java.lang.Object, java.lang.Object, java.lang.Object, java.lang.Object, java.lang.Object, java.lang.Object, java.lang.Object, java.lang.Object)'> (0x0000000082af5e98) 
thrown [s\src\hotspot\share\interpreter\linkResolver.cpp, line 771]
Event: 2.634 Thread 0x000002d9dddae690 Exception <a 'java/lang/NoSuchMethodError'{0x00000000825dc988}: 'void java.lang.invoke.DirectMethodHandle$Holder.invokeStatic(java.lang.Object, java.lang.Object)'> (0x00000000825dc988) 
thrown [s\src\hotspot\share\interpreter\linkResolver.cpp, line 771]
Event: 2.639 Thread 0x000002d9dddae690 Exception <a 'java/lang/NoSuchMethodError'{0x00000000824223a0}: 'java.lang.Object java.lang.invoke.DirectMethodHandle$Holder.invokeVirtual(java.lang.Object, java.lang.Object, java.lang.Object, java.lang.Object)'> (0x00000000824223a0) 
thrown [s\src\hotspot\share\interpreter\linkResolver.cpp, line 771]
Event: 2.697 Thread 0x000002d9dddae690 Exception <a 'java/lang/NoSuchMethodError'{0x0000000082290768}: 'java.lang.Object java.lang.invoke.DirectMethodHandle$Holder.newInvokeSpecial(java.lang.Object, java.lang.Object, java.lang.Object, java.lang.Object, java.lang.Object)'> (0x0000000082290768) 
thrown [s\src\hotspot\share\interpreter\linkResolver.cpp, line 771]
Event: 2.758 Thread 0x000002d9dddae690 Exception <a 'java/lang/NoSuchMethodError'{0x000000008209cbe8}: 'void java.lang.invoke.DirectMethodHandle$Holder.invokeSpecial(java.lang.Object, java.lang.Object, java.lang.Object, java.lang.Object, java.lang.Object, java.lang.Object)'> (0x000000008209cbe8) 
thrown [s\src\hotspot\share\interpreter\linkResolver.cpp, line 771]
Event: 2.764 Thread 0x000002d9dddae690 Exception <a 'java/lang/NoSuchMethodError'{0x00000000820d7a60}: 'java.lang.Object java.lang.invoke.DirectMethodHandle$Holder.newInvokeSpecial(java.lang.Object, java.lang.Object, java.lang.Object, java.lang.Object, java.lang.Object, java.lang.Object, java.lang.Object)'> (0x00000000820d7a60) 
thrown [s\src\hotspot\share\interpreter\linkResolver.cpp, line 771]
Event: 2.765 Thread 0x000002d9dddae690 Exception <a 'java/lang/NoSuchMethodError'{0x00000000820dc730}: 'java.lang.Object java.lang.invoke.Invokers$Holder.linkToTargetMethod(java.lang.Object, java.lang.Object, java.lang.Object, java.lang.Object, java.lang.Object, java.lang.Object, java.lang.Object)'> (0x00000000820dc730) 
thrown [s\src\hotspot\share\interpreter\linkResolver.cpp, line 771]
Event: 2.796 Thread 0x000002d9dddae690 Exception <a 'java/lang/NoSuchMethodError'{0x0000000081f95910}: 'void java.lang.invoke.DirectMethodHandle$Holder.invokeSpecial(java.lang.Object, java.lang.Object, java.lang.Object, java.lang.Object, java.lang.Object, java.lang.Object, java.lang.Object)'> (0x0000000081f95910) 
thrown [s\src\hotspot\share\interpreter\linkResolver.cpp, line 771]
Event: 2.842 Thread 0x000002d9dddae690 Exception <a 'java/lang/NoSuchMethodError'{0x0000000081d27a90}: 'java.lang.Object java.lang.invoke.DirectMethodHandle$Holder.invokeVirtual(java.lang.Object, java.lang.Object, java.lang.Object, java.lang.Object, java.lang.Object, java.lang.Object, java.lang.Object, java.lang.Object, java.lang.Object, java.lang.Object, java.lang.Object, java.lang.Object, java.lang.Object, java.lang.Object, java.lang.Object, java.lang.Object, java.lang.Object, java.lang.Object, java.lang.Object, java.lang.Object, java.lang.Ob
Event: 2.946 Thread 0x000002d9dddae690 Exception <a 'java/lang/NoSuchMethodError'{0x000000008bf37cc8}: 'int java.lang.invoke.DirectMethodHandle$Holder.invokeStaticInit(java.lang.Object, java.lang.Object, java.lang.Object)'> (0x000000008bf37cc8) 
thrown [s\src\hotspot\share\interpreter\linkResolver.cpp, line 771]

VM Operations (20 events):
Event: 1.608 Executing VM operation: HandshakeAllThreads
Event: 1.608 Executing VM operation: HandshakeAllThreads done
Event: 1.657 Executing VM operation: HandshakeAllThreads
Event: 1.657 Executing VM operation: HandshakeAllThreads done
Event: 1.801 Executing VM operation: HandshakeAllThreads
Event: 1.801 Executing VM operation: HandshakeAllThreads done
Event: 2.246 Executing VM operation: ICBufferFull
Event: 2.246 Executing VM operation: ICBufferFull done
Event: 2.267 Executing VM operation: HandshakeAllThreads
Event: 2.267 Executing VM operation: HandshakeAllThreads done
Event: 2.267 Executing VM operation: HandshakeAllThreads
Event: 2.267 Executing VM operation: HandshakeAllThreads done
Event: 2.271 Executing VM operation: CollectForMetadataAllocation
Event: 2.280 Executing VM operation: CollectForMetadataAllocation done
Event: 2.288 Executing VM operation: G1Concurrent
Event: 2.291 Executing VM operation: G1Concurrent done
Event: 2.293 Executing VM operation: G1Concurrent
Event: 2.296 Executing VM operation: G1Concurrent done
Event: 2.932 Executing VM operation: G1CollectForAllocation
Event: 2.939 Executing VM operation: G1CollectForAllocation done

Events (20 events):
Event: 2.716 loading class java/util/stream/MatchOps$MatchKind
Event: 2.716 loading class java/util/stream/MatchOps$MatchKind done
Event: 2.716 loading class java/util/stream/MatchOps
Event: 2.717 loading class java/util/stream/MatchOps done
Event: 2.717 loading class java/util/stream/MatchOps$MatchOp
Event: 2.717 loading class java/util/stream/MatchOps$MatchOp done
Event: 2.717 loading class java/util/stream/MatchOps$BooleanTerminalSink
Event: 2.717 loading class java/util/stream/MatchOps$BooleanTerminalSink done
Event: 2.717 loading class java/util/stream/MatchOps$1MatchSink
Event: 2.718 loading class java/util/stream/MatchOps$1MatchSink done
Event: 2.788 loading class java/util/ConcurrentModificationException
Event: 2.788 loading class java/util/ConcurrentModificationException done
Event: 2.942 loading class java/util/concurrent/atomic/AtomicReferenceFieldUpdater
Event: 2.942 loading class java/util/concurrent/atomic/AtomicReferenceFieldUpdater done
Event: 2.942 loading class java/util/concurrent/atomic/AtomicReferenceFieldUpdater$AtomicReferenceFieldUpdaterImpl
Event: 2.942 loading class java/util/concurrent/atomic/AtomicReferenceFieldUpdater$AtomicReferenceFieldUpdaterImpl done
Event: 2.942 loading class java/util/concurrent/atomic/AtomicReferenceFieldUpdater$AtomicReferenceFieldUpdaterImpl$1
Event: 2.942 loading class java/util/concurrent/atomic/AtomicReferenceFieldUpdater$AtomicReferenceFieldUpdaterImpl$1 done
Event: 2.942 loading class sun/reflect/misc/ReflectUtil
Event: 2.943 loading class sun/reflect/misc/ReflectUtil done


Dynamic libraries:
0x00007ff78ff00000 - 0x00007ff78ff0a000 	C:\Program Files\Android\Android Studio\jbr\bin\java.exe
0x00007ff85bb50000 - 0x00007ff85bd48000 	C:\Windows\SYSTEM32\ntdll.dll
0x00007ff85b520000 - 0x00007ff85b5dd000 	C:\Windows\System32\KERNEL32.DLL
0x00007ff859450000 - 0x00007ff859746000 	C:\Windows\System32\KERNELBASE.dll
0x00007ff859230000 - 0x00007ff859330000 	C:\Windows\System32\ucrtbase.dll
0x00007ff846ce0000 - 0x00007ff846cfb000 	C:\Program Files\Android\Android Studio\jbr\bin\VCRUNTIME140.dll
0x00007ff845c30000 - 0x00007ff845c47000 	C:\Program Files\Android\Android Studio\jbr\bin\jli.dll
0x00007ff859bb0000 - 0x00007ff859d4e000 	C:\Windows\System32\USER32.dll
0x00007ff859900000 - 0x00007ff859922000 	C:\Windows\System32\win32u.dll
0x00007ff85a940000 - 0x00007ff85a96c000 	C:\Windows\System32\GDI32.dll
0x00007ff859750000 - 0x00007ff85986a000 	C:\Windows\System32\gdi32full.dll
0x00007ff840e60000 - 0x00007ff8410fa000 	C:\Windows\WinSxS\amd64_microsoft.windows.common-controls_6595b64144ccf1df_6.0.19041.1110_none_60b5254171f9507e\COMCTL32.dll
0x00007ff859330000 - 0x00007ff8593cd000 	C:\Windows\System32\msvcp_win.dll
0x00007ff85a970000 - 0x00007ff85aa0e000 	C:\Windows\System32\msvcrt.dll
0x00007ff85b7d0000 - 0x00007ff85b800000 	C:\Windows\System32\IMM32.DLL
0x00007ff84eca0000 - 0x00007ff84ecac000 	C:\Program Files\Android\Android Studio\jbr\bin\vcruntime140_1.dll
0x00007ff846420000 - 0x00007ff8464ad000 	C:\Program Files\Android\Android Studio\jbr\bin\msvcp140.dll
0x00007ff8184c0000 - 0x00007ff81912e000 	C:\Program Files\Android\Android Studio\jbr\bin\server\jvm.dll
0x00007ff85abf0000 - 0x00007ff85ac9e000 	C:\Windows\System32\ADVAPI32.dll
0x00007ff85ab50000 - 0x00007ff85abec000 	C:\Windows\System32\sechost.dll
0x00007ff85aca0000 - 0x00007ff85adc6000 	C:\Windows\System32\RPCRT4.dll
0x00007ff84bb80000 - 0x00007ff84bb89000 	C:\Windows\SYSTEM32\WSOCK32.dll
0x00007ff845c00000 - 0x00007ff845c27000 	C:\Windows\SYSTEM32\WINMM.dll
0x00007ff85ae50000 - 0x00007ff85aebb000 	C:\Windows\System32\WS2_32.dll
0x00007ff856370000 - 0x00007ff85637a000 	C:\Windows\SYSTEM32\VERSION.dll
0x00007ff8562c0000 - 0x00007ff8562d2000 	C:\Windows\SYSTEM32\kernel.appcore.dll
0x00007ff84c1f0000 - 0x00007ff84c1fa000 	C:\Program Files\Android\Android Studio\jbr\bin\jimage.dll
0x00007ff858ba0000 - 0x00007ff858d84000 	C:\Windows\SYSTEM32\DBGHELP.DLL
0x00007ff858b60000 - 0x00007ff858b94000 	C:\Windows\SYSTEM32\dbgcore.DLL
0x00007ff859870000 - 0x00007ff8598f2000 	C:\Windows\System32\bcryptPrimitives.dll
0x00007ff849f60000 - 0x00007ff849f85000 	C:\Program Files\Android\Android Studio\jbr\bin\java.dll
0x00007ff846a50000 - 0x00007ff846a68000 	C:\Program Files\Android\Android Studio\jbr\bin\zip.dll
0x00007ff85a1f0000 - 0x00007ff85a935000 	C:\Windows\System32\SHELL32.dll
0x00007ff8565e0000 - 0x00007ff856d7b000 	C:\Windows\SYSTEM32\windows.storage.dll
0x00007ff859db0000 - 0x00007ff85a104000 	C:\Windows\System32\combase.dll
0x00007ff858570000 - 0x00007ff85859e000 	C:\Windows\SYSTEM32\Wldp.dll
0x00007ff85b460000 - 0x00007ff85b50d000 	C:\Windows\System32\SHCORE.dll
0x00007ff85b690000 - 0x00007ff85b6e5000 	C:\Windows\System32\shlwapi.dll
0x00007ff859160000 - 0x00007ff859185000 	C:\Windows\SYSTEM32\profapi.dll
0x00007ff8460a0000 - 0x00007ff8460b9000 	C:\Program Files\Android\Android Studio\jbr\bin\net.dll
0x00007ff84f460000 - 0x00007ff84f56a000 	C:\Windows\SYSTEM32\WINHTTP.dll
0x00007ff858250000 - 0x00007ff8582ba000 	C:\Windows\system32\mswsock.dll
0x00007ff846080000 - 0x00007ff846096000 	C:\Program Files\Android\Android Studio\jbr\bin\nio.dll
0x00007ff84bdb0000 - 0x00007ff84bdc0000 	C:\Program Files\Android\Android Studio\jbr\bin\verify.dll
0x00007ff83eb20000 - 0x00007ff83eb47000 	C:\Users\pc\.gradle\native\68d5fa5c4cc2d200863cafc0d521ce42e7d3e7ee720ec0a83991735586a16f82\windows-amd64\native-platform.dll
0x00007ff81dfa0000 - 0x00007ff81e0e4000 	C:\Users\pc\.gradle\native\e376f236ea51e6404a007f0833ffe2c6e607c4080706a723a18a27aeea778392\windows-amd64\native-platform-file-events.dll
0x00007ff848070000 - 0x00007ff848079000 	C:\Program Files\Android\Android Studio\jbr\bin\management.dll
0x00007ff847d20000 - 0x00007ff847d2b000 	C:\Program Files\Android\Android Studio\jbr\bin\management_ext.dll
0x00007ff85b800000 - 0x00007ff85b808000 	C:\Windows\System32\PSAPI.DLL
0x00007ff858f30000 - 0x00007ff858f48000 	C:\Windows\SYSTEM32\CRYPTSP.dll
0x00007ff857be0000 - 0x00007ff857c14000 	C:\Windows\system32\rsaenh.dll
0x00007ff859420000 - 0x00007ff859447000 	C:\Windows\System32\bcrypt.dll
0x00007ff859120000 - 0x00007ff85914e000 	C:\Windows\SYSTEM32\USERENV.dll
0x00007ff858530000 - 0x00007ff85853c000 	C:\Windows\SYSTEM32\CRYPTBASE.dll
0x00007ff857f60000 - 0x00007ff857f9b000 	C:\Windows\SYSTEM32\IPHLPAPI.DLL
0x00007ff85b6f0000 - 0x00007ff85b6f8000 	C:\Windows\System32\NSI.dll
0x00007ff84f830000 - 0x00007ff84f847000 	C:\Windows\SYSTEM32\dhcpcsvc6.DLL
0x00007ff84f810000 - 0x00007ff84f82d000 	C:\Windows\SYSTEM32\dhcpcsvc.DLL
0x00007ff857fa0000 - 0x00007ff85806a000 	C:\Windows\SYSTEM32\DNSAPI.dll
0x00007ff847d40000 - 0x00007ff847d47000 	C:\Windows\system32\wshunix.dll

dbghelp: loaded successfully - version: 4.0.5 - missing functions: none
symbol engine: initialized successfully - sym options: 0x614 - pdb path: .;C:\Program Files\Android\Android Studio\jbr\bin;C:\Windows\SYSTEM32;C:\Windows\WinSxS\amd64_microsoft.windows.common-controls_6595b64144ccf1df_6.0.19041.1110_none_60b5254171f9507e;C:\Program Files\Android\Android Studio\jbr\bin\server;C:\Users\pc\.gradle\native\68d5fa5c4cc2d200863cafc0d521ce42e7d3e7ee720ec0a83991735586a16f82\windows-amd64;C:\Users\pc\.gradle\native\e376f236ea51e6404a007f0833ffe2c6e607c4080706a723a18a27aeea778392\windows-amd64

VM Arguments:
jvm_args: --add-opens=java.base/java.util=ALL-UNNAMED --add-opens=java.base/java.lang=ALL-UNNAMED --add-opens=java.base/java.lang.invoke=ALL-UNNAMED --add-opens=java.prefs/java.util.prefs=ALL-UNNAMED --add-opens=java.base/java.nio.charset=ALL-UNNAMED --add-opens=java.base/java.net=ALL-UNNAMED --add-opens=java.base/java.util.concurrent.atomic=ALL-UNNAMED -Xmx2048m -Dfile.encoding=UTF-8 -Duser.country=FR -Duser.language=fr -Duser.variant 
java_command: org.gradle.launcher.daemon.bootstrap.GradleDaemon 7.6
java_class_path (initial): C:\Users\pc\.gradle\wrapper\dists\gradle-7.6-bin\9l9tetv7ltxvx3i8an4pb86ye\gradle-7.6\lib\gradle-launcher-7.6.jar
Launcher Type: SUN_STANDARD

[Global flags]
     intx CICompilerCount                          = 3                                         {product} {ergonomic}
     uint ConcGCThreads                            = 1                                         {product} {ergonomic}
     uint G1ConcRefinementThreads                  = 4                                         {product} {ergonomic}
   size_t G1HeapRegionSize                         = 1048576                                   {product} {ergonomic}
    uintx GCDrainStackTargetSize                   = 64                                        {product} {ergonomic}
   size_t InitialHeapSize                          = 201326592                                 {product} {ergonomic}
   size_t MarkStackSize                            = 4194304                                   {product} {ergonomic}
   size_t MaxHeapSize                              = 2147483648                                {product} {command line}
   size_t MaxNewSize                               = 1287651328                                {product} {ergonomic}
   size_t MinHeapDeltaBytes                        = 1048576                                   {product} {ergonomic}
   size_t MinHeapSize                              = 8388608                                   {product} {ergonomic}
    uintx NonNMethodCodeHeapSize                   = 5832780                                {pd product} {ergonomic}
    uintx NonProfiledCodeHeapSize                  = 122912730                              {pd product} {ergonomic}
    uintx ProfiledCodeHeapSize                     = 122912730                              {pd product} {ergonomic}
    uintx ReservedCodeCacheSize                    = 251658240                              {pd product} {ergonomic}
     bool SegmentedCodeCache                       = true                                      {product} {ergonomic}
   size_t SoftMaxHeapSize                          = 2147483648                             {manageable} {ergonomic}
     bool UseCompressedClassPointers               = true                           {product lp64_product} {ergonomic}
     bool UseCompressedOops                        = true                           {product lp64_product} {ergonomic}
     bool UseG1GC                                  = true                                      {product} {ergonomic}
     bool UseLargePagesIndividualAllocation        = false                                  {pd product} {ergonomic}

Logging:
Log output configuration:
 #0: stdout all=warning uptime,level,tags
 #1: stderr all=off uptime,level,tags

Environment Variables:
PATH=C:\Windows\system32;C:\Windows;C:\Windows\System32\Wbem;C:\Windows\System32\WindowsPowerShell\v1.0\;C:\Windows\System32\OpenSSH\;C:\Program Files (x86)\Intel\OpenCL SDK\2.0\bin\x86;C:\Program Files (x86)\Intel\OpenCL SDK\2.0\bin\x64;C:\Program Files\Git\cmd;C:\Users\pc\AppData\Local\Microsoft\WindowsApps;C:\Users\pc\AppData\Local\JetBrains\Toolbox\scripts;C:\Program Files\PostgreSQL\15\bin;
USERNAME=pc
OS=Windows_NT
PROCESSOR_IDENTIFIER=Intel64 Family 6 Model 58 Stepping 9, GenuineIntel
TMP=C:\Users\pc\AppData\Local\Temp
TEMP=C:\Users\pc\AppData\Local\Temp


JNI global refs:
JNI global refs: 22, weak refs: 0

JNI global refs memory usage: 843, weak refs: 841


---------------  S Y S T E M  ---------------

OS:
 Windows 10 , 64 bit Build 19041 (10.0.19041.3393)
OS uptime: 4 days 19:30 hours

CPU: total 4 (initial active 4) (4 cores per cpu, 1 threads per core) family 6 model 58 stepping 9 microcode 0x21, cx8, cmov, fxsr, mmx, sse, sse2, sse3, ssse3, sse4.1, sse4.2, popcnt, tsc, tscinvbit, avx, aes, erms, clmul, vzeroupper, clflush

Memory: 4k page, system-wide physical 12168M (2850M free)
TotalPageFile size 20709M (AvailPageFile size 7066M)
current process WorkingSet (physical memory assigned to process): 169M, peak: 174M
current process commit charge ("private bytes"): 207M, peak: 317M

vm_info: OpenJDK 64-Bit Server VM (17.0.6+0-b2043.56-10027231) for windows-amd64 JRE (17.0.6+0-b2043.56-10027231), built on Apr 28 2023 00:43:19 by "androidbuild" with MS VC++ 16.10 / 16.11 (VS2019)

END.
